[1125/160917.845:ERROR:process_reader_win.cc(123)] NtOpenThread: {Access Denied} A process has requested access to an object, but has not been granted those access rights. (0xc0000022)
[1125/160917.846:ERROR:exception_snapshot_win.cc(99)] thread ID 8412 not found in process
[1125/160917.850:ERROR:process_reader_win.cc(123)] NtOpenThread: {Access Denied} A process has requested access to an object, but has not been granted those access rights. (0xc0000022)
[1125/160917.853:ERROR:exception_snapshot_win.cc(99)] thread ID 16364 not found in process
[1125/160917.858:ERROR:process_reader_win.cc(123)] NtOpenThread: {Access Denied} A process has requested access to an object, but has not been granted those access rights. (0xc0000022)
[1125/160917.859:ERROR:exception_snapshot_win.cc(99)] thread ID 19436 not found in process
[1125/160917.888:ERROR:process_reader_win.cc(123)] NtOpenThread: {Access Denied} A process has requested access to an object, but has not been granted those access rights. (0xc0000022)
[1125/160917.888:ERROR:process_reader_win.cc(123)] NtOpenThread: {Access Denied} A process has requested access to an object, but has not been granted those access rights. (0xc0000022)
[1125/160917.888:ERROR:exception_snapshot_win.cc(99)] thread ID 19432 not found in process
[1125/160917.888:ERROR:exception_snapshot_win.cc(99)] thread ID 13512 not found in process
[1125/160917.889:ERROR:process_reader_win.cc(123)] NtOpenThread: {Access Denied} A process has requested access to an object, but has not been granted those access rights. (0xc0000022)
[1125/160917.890:ERROR:exception_snapshot_win.cc(99)] thread ID 3584 not found in process
[1125/162000.407:ERROR:directory_reader_win.cc(43)] FindFirstFile: The system cannot find the path specified. (0x3)
[1125/162150.312:ERROR:process_reader_win.cc(123)] NtOpenThread: {Access Denied} A process has requested access to an object, but has not been granted those access rights. (0xc0000022)
[1125/162150.312:ERROR:exception_snapshot_win.cc(99)] thread ID 11172 not found in process
[1125/162150.318:ERROR:process_reader_win.cc(123)] NtOpenThread: {Access Denied} A process has requested access to an object, but has not been granted those access rights. (0xc0000022)
[1125/162150.319:ERROR:exception_snapshot_win.cc(99)] thread ID 19016 not found in process
[1125/162150.322:ERROR:process_reader_win.cc(123)] NtOpenThread: {Access Denied} A process has requested access to an object, but has not been granted those access rights. (0xc0000022)
[1125/162150.322:ERROR:exception_snapshot_win.cc(99)] thread ID 10056 not found in process
[1125/162150.354:ERROR:process_reader_win.cc(123)] NtOpenThread: {Access Denied} A process has requested access to an object, but has not been granted those access rights. (0xc0000022)
[1125/162150.354:ERROR:exception_snapshot_win.cc(99)] thread ID 9568 not found in process
[1125/162150.355:ERROR:process_reader_win.cc(123)] NtOpenThread: {Access Denied} A process has requested access to an object, but has not been granted those access rights. (0xc0000022)
[1125/162150.355:ERROR:exception_snapshot_win.cc(99)] thread ID 11184 not found in process
[1125/162150.360:ERROR:process_reader_win.cc(123)] NtOpenThread: {Access Denied} A process has requested access to an object, but has not been granted those access rights. (0xc0000022)
[1125/162150.360:ERROR:exception_snapshot_win.cc(99)] thread ID 18128 not found in process
[1125/163155.018:ERROR:directory_reader_win.cc(43)] FindFirstFile: The system cannot find the path specified. (0x3)
[1125/163205.341:ERROR:process_reader_win.cc(123)] NtOpenThread: {Access Denied} A process has requested access to an object, but has not been granted those access rights. (0xc0000022)
[1125/163205.342:ERROR:exception_snapshot_win.cc(99)] thread ID 2708 not found in process
[1125/163205.349:ERROR:process_reader_win.cc(123)] NtOpenThread: {Access Denied} A process has requested access to an object, but has not been granted those access rights. (0xc0000022)
[1125/163205.350:ERROR:exception_snapshot_win.cc(99)] thread ID 14088 not found in process
[1125/163205.365:ERROR:process_reader_win.cc(123)] NtOpenThread: {Access Denied} A process has requested access to an object, but has not been granted those access rights. (0xc0000022)
[1125/163205.365:ERROR:exception_snapshot_win.cc(99)] thread ID 19424 not found in process
[1125/163205.385:ERROR:process_reader_win.cc(123)] NtOpenThread: {Access Denied} A process has requested access to an object, but has not been granted those access rights. (0xc0000022)
[1125/163205.385:ERROR:exception_snapshot_win.cc(99)] thread ID 13960 not found in process
[1125/163205.387:ERROR:process_reader_win.cc(123)] NtOpenThread: {Access Denied} A process has requested access to an object, but has not been granted those access rights. (0xc0000022)
[1125/163205.387:ERROR:exception_snapshot_win.cc(99)] thread ID 5160 not found in process
[1125/163205.391:ERROR:process_reader_win.cc(123)] NtOpenThread: {Access Denied} A process has requested access to an object, but has not been granted those access rights. (0xc0000022)
[1125/163205.391:ERROR:exception_snapshot_win.cc(99)] thread ID 10280 not found in process
[1125/164213.768:ERROR:directory_reader_win.cc(43)] FindFirstFile: The system cannot find the path specified. (0x3)
[1125/170506.448:ERROR:process_reader_win.cc(123)] NtOpenThread: {Access Denied} A process has requested access to an object, but has not been granted those access rights. (0xc0000022)
[1125/170506.448:ERROR:exception_snapshot_win.cc(99)] thread ID 18192 not found in process
[1125/170506.525:ERROR:process_reader_win.cc(123)] NtOpenThread: {Access Denied} A process has requested access to an object, but has not been granted those access rights. (0xc0000022)
[1125/170506.525:ERROR:exception_snapshot_win.cc(99)] thread ID 18328 not found in process
[1125/173732.357:ERROR:directory_reader_win.cc(43)] FindFirstFile: The system cannot find the path specified. (0x3)
[1125/173913.610:ERROR:directory_reader_win.cc(43)] FindFirstFile: The system cannot find the path specified. (0x3)
[1125/174413.271:ERROR:directory_reader_win.cc(43)] FindFirstFile: The system cannot find the path specified. (0x3)
[1125/174527.305:ERROR:directory_reader_win.cc(43)] FindFirstFile: The system cannot find the path specified. (0x3)
[1125/174656.520:ERROR:directory_reader_win.cc(43)] FindFirstFile: The system cannot find the path specified. (0x3)
[1125/174746.879:ERROR:process_reader_win.cc(123)] NtOpenThread: {Access Denied} A process has requested access to an object, but has not been granted those access rights. (0xc0000022)
[1125/174746.881:ERROR:exception_snapshot_win.cc(99)] thread ID 18136 not found in process
[1125/174746.943:ERROR:process_reader_win.cc(123)] NtOpenThread: {Access Denied} A process has requested access to an object, but has not been granted those access rights. (0xc0000022)
[1125/174746.943:ERROR:exception_snapshot_win.cc(99)] thread ID 14028 not found in process
[1125/174746.988:ERROR:process_reader_win.cc(123)] NtOpenThread: {Access Denied} A process has requested access to an object, but has not been granted those access rights. (0xc0000022)
[1125/174746.989:ERROR:exception_snapshot_win.cc(99)] thread ID 7144 not found in process
[1125/174747.044:ERROR:process_reader_win.cc(123)] NtOpenThread: {Access Denied} A process has requested access to an object, but has not been granted those access rights. (0xc0000022)
[1125/174747.044:ERROR:exception_snapshot_win.cc(99)] thread ID 13272 not found in process
[1125/174747.101:ERROR:process_reader_win.cc(123)] NtOpenThread: {Access Denied} A process has requested access to an object, but has not been granted those access rights. (0xc0000022)
[1125/174747.101:ERROR:exception_snapshot_win.cc(99)] thread ID 18232 not found in process
[1125/174747.137:ERROR:process_reader_win.cc(123)] NtOpenThread: {Access Denied} A process has requested access to an object, but has not been granted those access rights. (0xc0000022)
[1125/174747.138:ERROR:exception_snapshot_win.cc(99)] thread ID 16876 not found in process
[1125/174747.182:ERROR:process_reader_win.cc(123)] NtOpenThread: {Access Denied} A process has requested access to an object, but has not been granted those access rights. (0xc0000022)
[1125/174747.182:ERROR:exception_snapshot_win.cc(99)] thread ID 13028 not found in process
[1125/174747.215:ERROR:process_reader_win.cc(123)] NtOpenThread: {Access Denied} A process has requested access to an object, but has not been granted those access rights. (0xc0000022)
[1125/174747.215:ERROR:exception_snapshot_win.cc(99)] thread ID 16804 not found in process
[1125/174747.256:ERROR:process_reader_win.cc(123)] NtOpenThread: {Access Denied} A process has requested access to an object, but has not been granted those access rights. (0xc0000022)
[1125/174747.257:ERROR:exception_snapshot_win.cc(99)] thread ID 18196 not found in process
[1125/174747.283:ERROR:process_reader_win.cc(123)] NtOpenThread: {Access Denied} A process has requested access to an object, but has not been granted those access rights. (0xc0000022)
[1125/174747.283:ERROR:exception_snapshot_win.cc(99)] thread ID 18208 not found in process
[1125/174747.328:ERROR:process_reader_win.cc(123)] NtOpenThread: {Access Denied} A process has requested access to an object, but has not been granted those access rights. (0xc0000022)
[1125/174747.329:ERROR:exception_snapshot_win.cc(99)] thread ID 18224 not found in process
[1125/174747.356:ERROR:process_reader_win.cc(123)] NtOpenThread: {Access Denied} A process has requested access to an object, but has not been granted those access rights. (0xc0000022)
[1125/174747.356:ERROR:exception_snapshot_win.cc(99)] thread ID 16504 not found in process
[1125/174747.396:ERROR:process_reader_win.cc(123)] NtOpenThread: {Access Denied} A process has requested access to an object, but has not been granted those access rights. (0xc0000022)
[1125/174747.397:ERROR:exception_snapshot_win.cc(99)] thread ID 7724 not found in process
[1125/174747.429:ERROR:process_reader_win.cc(123)] NtOpenThread: {Access Denied} A process has requested access to an object, but has not been granted those access rights. (0xc0000022)
[1125/174747.429:ERROR:exception_snapshot_win.cc(99)] thread ID 16724 not found in process
[1125/174747.471:ERROR:process_reader_win.cc(123)] NtOpenThread: {Access Denied} A process has requested access to an object, but has not been granted those access rights. (0xc0000022)
[1125/174747.471:ERROR:exception_snapshot_win.cc(99)] thread ID 17248 not found in process
[1125/174747.499:ERROR:process_reader_win.cc(123)] NtOpenThread: {Access Denied} A process has requested access to an object, but has not been granted those access rights. (0xc0000022)
[1125/174747.499:ERROR:exception_snapshot_win.cc(99)] thread ID 18288 not found in process
[1126/133238.772:ERROR:directory_reader_win.cc(43)] FindFirstFile: The system cannot find the path specified. (0x3)
[1126/133615.086:ERROR:directory_reader_win.cc(43)] FindFirstFile: The system cannot find the path specified. (0x3)
[1126/140640.549:ERROR:process_reader_win.cc(123)] NtOpenThread: {Access Denied} A process has requested access to an object, but has not been granted those access rights. (0xc0000022)
[1126/140640.549:ERROR:exception_snapshot_win.cc(99)] thread ID 2524 not found in process
[1126/140640.549:ERROR:process_reader_win.cc(123)] NtOpenThread: {Access Denied} A process has requested access to an object, but has not been granted those access rights. (0xc0000022)
[1126/140640.563:ERROR:exception_snapshot_win.cc(99)] thread ID 11368 not found in process
[1126/140640.549:ERROR:process_reader_win.cc(123)] NtOpenThread: {Access Denied} A process has requested access to an object, but has not been granted those access rights. (0xc0000022)
[1126/140640.563:ERROR:exception_snapshot_win.cc(99)] thread ID 18052 not found in process
[1126/140640.578:ERROR:process_reader_win.cc(123)] NtOpenThread: {Access Denied} A process has requested access to an object, but has not been granted those access rights. (0xc0000022)
[1126/140640.578:ERROR:process_reader_win.cc(123)] NtOpenThread: {Access Denied} A process has requested access to an object, but has not been granted those access rights. (0xc0000022)
[1126/140640.578:ERROR:exception_snapshot_win.cc(99)] thread ID 4776 not found in process
[1126/140640.578:ERROR:process_reader_win.cc(123)] NtOpenThread: {Access Denied} A process has requested access to an object, but has not been granted those access rights. (0xc0000022)
[1126/140640.578:ERROR:exception_snapshot_win.cc(99)] thread ID 12960 not found in process
[1126/140640.578:ERROR:exception_snapshot_win.cc(99)] thread ID 5132 not found in process
[1126/141654.012:ERROR:directory_reader_win.cc(43)] FindFirstFile: The system cannot find the path specified. (0x3)
[1126/152711.651:ERROR:process_reader_win.cc(123)] NtOpenThread: {Access Denied} A process has requested access to an object, but has not been granted those access rights. (0xc0000022)
[1126/152711.651:ERROR:exception_snapshot_win.cc(99)] thread ID 17492 not found in process
[1126/152711.706:ERROR:process_reader_win.cc(123)] NtOpenThread: {Access Denied} A process has requested access to an object, but has not been granted those access rights. (0xc0000022)
[1126/152711.706:ERROR:exception_snapshot_win.cc(99)] thread ID 15404 not found in process
[1126/154746.781:ERROR:directory_reader_win.cc(43)] FindFirstFile: The system cannot find the path specified. (0x3)
[1126/155244.133:ERROR:process_reader_win.cc(123)] NtOpenThread: {Access Denied} A process has requested access to an object, but has not been granted those access rights. (0xc0000022)
[1126/155244.133:ERROR:exception_snapshot_win.cc(99)] thread ID 2340 not found in process
[1126/155244.133:ERROR:process_reader_win.cc(123)] NtOpenThread: {Access Denied} A process has requested access to an object, but has not been granted those access rights. (0xc0000022)
[1126/155244.133:ERROR:exception_snapshot_win.cc(99)] thread ID 2216 not found in process
[1126/155244.149:ERROR:process_reader_win.cc(123)] NtOpenThread: {Access Denied} A process has requested access to an object, but has not been granted those access rights. (0xc0000022)
[1126/155244.149:ERROR:process_reader_win.cc(123)] NtOpenThread: {Access Denied} A process has requested access to an object, but has not been granted those access rights. (0xc0000022)
[1126/155244.149:ERROR:exception_snapshot_win.cc(99)] thread ID 6108 not found in process
[1126/155244.149:ERROR:exception_snapshot_win.cc(99)] thread ID 14720 not found in process
[1126/160248.986:ERROR:directory_reader_win.cc(43)] FindFirstFile: The system cannot find the path specified. (0x3)
[1126/160928.214:ERROR:directory_reader_win.cc(43)] FindFirstFile: The system cannot find the path specified. (0x3)
[1126/161415.849:ERROR:directory_reader_win.cc(43)] FindFirstFile: The system cannot find the path specified. (0x3)
[1126/162414.530:ERROR:directory_reader_win.cc(43)] FindFirstFile: The system cannot find the path specified. (0x3)
[1203/120822.297:ERROR:directory_reader_win.cc(43)] FindFirstFile: The system cannot find the path specified. (0x3)
[1203/124032.233:ERROR:process_reader_win.cc(123)] NtOpenThread: {Access Denied} A process has requested access to an object, but has not been granted those access rights. (0xc0000022)
[1203/124032.233:ERROR:exception_snapshot_win.cc(99)] thread ID 2652 not found in process
[1203/124032.249:ERROR:process_reader_win.cc(123)] NtOpenThread: {Access Denied} A process has requested access to an object, but has not been granted those access rights. (0xc0000022)
[1203/124032.249:ERROR:exception_snapshot_win.cc(99)] thread ID 2748 not found in process
[1203/124900.792:ERROR:process_reader_win.cc(123)] NtOpenThread: {Access Denied} A process has requested access to an object, but has not been granted those access rights. (0xc0000022)
[1203/124900.793:ERROR:exception_snapshot_win.cc(99)] thread ID 18456 not found in process
[1203/124900.795:ERROR:process_reader_win.cc(123)] NtOpenThread: {Access Denied} A process has requested access to an object, but has not been granted those access rights. (0xc0000022)
[1203/124900.796:ERROR:exception_snapshot_win.cc(99)] thread ID 3716 not found in process
[1203/124900.816:ERROR:process_reader_win.cc(123)] NtOpenThread: {Access Denied} A process has requested access to an object, but has not been granted those access rights. (0xc0000022)
[1203/124900.816:ERROR:exception_snapshot_win.cc(99)] thread ID 18772 not found in process
[1203/124900.816:ERROR:process_reader_win.cc(123)] NtOpenThread: {Access Denied} A process has requested access to an object, but has not been granted those access rights. (0xc0000022)
[1203/124900.816:ERROR:exception_snapshot_win.cc(99)] thread ID 18016 not found in process
[1203/125904.983:ERROR:directory_reader_win.cc(43)] FindFirstFile: The system cannot find the path specified. (0x3)
[1203/130339.536:ERROR:directory_reader_win.cc(43)] FindFirstFile: The system cannot find the path specified. (0x3)
[1203/130903.239:ERROR:directory_reader_win.cc(43)] FindFirstFile: The system cannot find the path specified. (0x3)
[1203/131535.592:ERROR:directory_reader_win.cc(43)] FindFirstFile: The system cannot find the path specified. (0x3)
[1203/162105.964:ERROR:process_reader_win.cc(123)] NtOpenThread: {Access Denied} A process has requested access to an object, but has not been granted those access rights. (0xc0000022)
[1203/162105.965:ERROR:exception_snapshot_win.cc(99)] thread ID 16748 not found in process
[1203/162105.982:ERROR:process_reader_win.cc(123)] NtOpenThread: {Access Denied} A process has requested access to an object, but has not been granted those access rights. (0xc0000022)
[1203/162105.982:ERROR:exception_snapshot_win.cc(99)] thread ID 11948 not found in process
[1203/163123.334:ERROR:directory_reader_win.cc(43)] FindFirstFile: The system cannot find the path specified. (0x3)
[1203/171419.593:ERROR:directory_reader_win.cc(43)] FindFirstFile: The system cannot find the path specified. (0x3)
[1203/173335.102:ERROR:directory_reader_win.cc(43)] FindFirstFile: The system cannot find the path specified. (0x3)
[1203/173933.370:ERROR:directory_reader_win.cc(43)] FindFirstFile: The system cannot find the path specified. (0x3)
[1203/174455.507:ERROR:directory_reader_win.cc(43)] FindFirstFile: The system cannot find the path specified. (0x3)
[1203/174616.631:ERROR:process_reader_win.cc(123)] NtOpenThread: {Access Denied} A process has requested access to an object, but has not been granted those access rights. (0xc0000022)
[1203/174616.634:ERROR:exception_snapshot_win.cc(99)] thread ID 1928 not found in process
[1203/174616.642:ERROR:process_reader_win.cc(123)] NtOpenThread: {Access Denied} A process has requested access to an object, but has not been granted those access rights. (0xc0000022)
[1203/174616.642:ERROR:exception_snapshot_win.cc(99)] thread ID 21260 not found in process
[1203/174616.653:ERROR:process_reader_win.cc(123)] NtOpenThread: {Access Denied} A process has requested access to an object, but has not been granted those access rights. (0xc0000022)
[1203/174616.653:ERROR:exception_snapshot_win.cc(99)] thread ID 17156 not found in process
[1203/174616.661:ERROR:process_reader_win.cc(123)] NtOpenThread: {Access Denied} A process has requested access to an object, but has not been granted those access rights. (0xc0000022)
[1203/174616.663:ERROR:exception_snapshot_win.cc(99)] thread ID 21356 not found in process
[1203/174616.669:ERROR:process_reader_win.cc(123)] NtOpenThread: {Access Denied} A process has requested access to an object, but has not been granted those access rights. (0xc0000022)
[1203/174616.670:ERROR:exception_snapshot_win.cc(99)] thread ID 15896 not found in process
[1203/174616.702:ERROR:process_reader_win.cc(123)] NtOpenThread: {Access Denied} A process has requested access to an object, but has not been granted those access rights. (0xc0000022)
[1203/174616.703:ERROR:exception_snapshot_win.cc(99)] thread ID 2192 not found in process
[1203/174616.705:ERROR:process_reader_win.cc(123)] NtOpenThread: {Access Denied} A process has requested access to an object, but has not been granted those access rights. (0xc0000022)
[1203/174616.705:ERROR:exception_snapshot_win.cc(99)] thread ID 15600 not found in process
[1203/174616.706:ERROR:process_reader_win.cc(123)] NtOpenThread: {Access Denied} A process has requested access to an object, but has not been granted those access rights. (0xc0000022)
[1203/174616.706:ERROR:exception_snapshot_win.cc(99)] thread ID 14088 not found in process
[1203/174616.708:ERROR:process_reader_win.cc(123)] NtOpenThread: {Access Denied} A process has requested access to an object, but has not been granted those access rights. (0xc0000022)
[1203/174616.708:ERROR:exception_snapshot_win.cc(99)] thread ID 18248 not found in process
[1203/174616.730:ERROR:process_reader_win.cc(123)] NtOpenThread: {Access Denied} A process has requested access to an object, but has not been granted those access rights. (0xc0000022)
[1203/174616.730:ERROR:exception_snapshot_win.cc(99)] thread ID 17912 not found in process
[1203/174616.739:ERROR:process_reader_win.cc(123)] NtOpenThread: {Access Denied} A process has requested access to an object, but has not been granted those access rights. (0xc0000022)
[1203/174616.739:ERROR:exception_snapshot_win.cc(99)] thread ID 3716 not found in process
[1203/174616.750:ERROR:process_reader_win.cc(123)] NtOpenThread: {Access Denied} A process has requested access to an object, but has not been granted those access rights. (0xc0000022)
[1203/174616.750:ERROR:exception_snapshot_win.cc(99)] thread ID 8056 not found in process
[1203/175621.681:ERROR:directory_reader_win.cc(43)] FindFirstFile: The system cannot find the path specified. (0x3)
[1203/180848.145:ERROR:directory_reader_win.cc(43)] FindFirstFile: The system cannot find the path specified. (0x3)
[1203/181308.673:ERROR:directory_reader_win.cc(43)] FindFirstFile: The system cannot find the path specified. (0x3)
[1204/103814.276:ERROR:process_reader_win.cc(123)] NtOpenThread: {Access Denied} A process has requested access to an object, but has not been granted those access rights. (0xc0000022)
[1204/103814.279:ERROR:exception_snapshot_win.cc(99)] thread ID 9292 not found in process
[1204/103814.304:ERROR:process_reader_win.cc(123)] NtOpenThread: {Access Denied} A process has requested access to an object, but has not been granted those access rights. (0xc0000022)
[1204/103814.304:ERROR:exception_snapshot_win.cc(99)] thread ID 12652 not found in process
[1204/104137.465:ERROR:process_reader_win.cc(123)] NtOpenThread: {Access Denied} A process has requested access to an object, but has not been granted those access rights. (0xc0000022)
[1204/104137.466:ERROR:exception_snapshot_win.cc(99)] thread ID 11024 not found in process
[1204/104137.484:ERROR:process_reader_win.cc(123)] NtOpenThread: {Access Denied} A process has requested access to an object, but has not been granted those access rights. (0xc0000022)
[1204/104137.484:ERROR:exception_snapshot_win.cc(99)] thread ID 20856 not found in process
[1204/105144.645:ERROR:directory_reader_win.cc(43)] FindFirstFile: The system cannot find the path specified. (0x3)
[1204/152844.858:ERROR:process_reader_win.cc(123)] NtOpenThread: {Access Denied} A process has requested access to an object, but has not been granted those access rights. (0xc0000022)
[1204/152844.860:ERROR:exception_snapshot_win.cc(99)] thread ID 13392 not found in process
[1204/152844.884:ERROR:process_reader_win.cc(123)] NtOpenThread: {Access Denied} A process has requested access to an object, but has not been granted those access rights. (0xc0000022)
[1204/152844.884:ERROR:exception_snapshot_win.cc(99)] thread ID 13744 not found in process
[1206/125931.698:ERROR:process_reader_win.cc(123)] NtOpenThread: {Access Denied} A process has requested access to an object, but has not been granted those access rights. (0xc0000022)
[1206/125931.698:ERROR:exception_snapshot_win.cc(99)] thread ID 13824 not found in process
[1206/125931.714:ERROR:process_reader_win.cc(123)] NtOpenThread: {Access Denied} A process has requested access to an object, but has not been granted those access rights. (0xc0000022)
[1206/125931.714:ERROR:exception_snapshot_win.cc(99)] thread ID 11864 not found in process
[1206/130618.965:ERROR:process_reader_win.cc(123)] NtOpenThread: {Access Denied} A process has requested access to an object, but has not been granted those access rights. (0xc0000022)
[1206/130618.965:ERROR:exception_snapshot_win.cc(99)] thread ID 9908 not found in process
[1206/130618.981:ERROR:process_reader_win.cc(123)] NtOpenThread: {Access Denied} A process has requested access to an object, but has not been granted those access rights. (0xc0000022)
[1206/130618.981:ERROR:exception_snapshot_win.cc(99)] thread ID 14688 not found in process
[1206/132055.485:ERROR:process_reader_win.cc(123)] NtOpenThread: {Access Denied} A process has requested access to an object, but has not been granted those access rights. (0xc0000022)
[1206/132055.485:ERROR:exception_snapshot_win.cc(99)] thread ID 20928 not found in process
[1206/132055.509:ERROR:process_reader_win.cc(123)] NtOpenThread: {Access Denied} A process has requested access to an object, but has not been granted those access rights. (0xc0000022)
[1206/132055.509:ERROR:exception_snapshot_win.cc(99)] thread ID 7472 not found in process
[1206/132938.106:ERROR:process_reader_win.cc(123)] NtOpenThread: {Access Denied} A process has requested access to an object, but has not been granted those access rights. (0xc0000022)
[1206/132938.106:ERROR:exception_snapshot_win.cc(99)] thread ID 3120 not found in process
[1206/132938.122:ERROR:process_reader_win.cc(123)] NtOpenThread: {Access Denied} A process has requested access to an object, but has not been granted those access rights. (0xc0000022)
[1206/132938.122:ERROR:exception_snapshot_win.cc(99)] thread ID 6116 not found in process
[1206/133833.061:ERROR:process_reader_win.cc(123)] NtOpenThread: {Access Denied} A process has requested access to an object, but has not been granted those access rights. (0xc0000022)
[1206/133833.061:ERROR:exception_snapshot_win.cc(99)] thread ID 10392 not found in process
[1206/133833.085:ERROR:process_reader_win.cc(123)] NtOpenThread: {Access Denied} A process has requested access to an object, but has not been granted those access rights. (0xc0000022)
[1206/133833.085:ERROR:exception_snapshot_win.cc(99)] thread ID 9948 not found in process
[1206/134708.197:ERROR:process_reader_win.cc(123)] NtOpenThread: {Access Denied} A process has requested access to an object, but has not been granted those access rights. (0xc0000022)
[1206/134708.197:ERROR:exception_snapshot_win.cc(99)] thread ID 21120 not found in process
[1206/134708.221:ERROR:process_reader_win.cc(123)] NtOpenThread: {Access Denied} A process has requested access to an object, but has not been granted those access rights. (0xc0000022)
[1206/134708.221:ERROR:exception_snapshot_win.cc(99)] thread ID 1260 not found in process
[1206/135123.283:ERROR:process_reader_win.cc(123)] NtOpenThread: {Access Denied} A process has requested access to an object, but has not been granted those access rights. (0xc0000022)
[1206/135123.283:ERROR:exception_snapshot_win.cc(99)] thread ID 20524 not found in process
[1206/135123.307:ERROR:process_reader_win.cc(123)] NtOpenThread: {Access Denied} A process has requested access to an object, but has not been granted those access rights. (0xc0000022)
[1206/135123.307:ERROR:exception_snapshot_win.cc(99)] thread ID 9644 not found in process
[1206/135456.167:ERROR:process_reader_win.cc(123)] NtOpenThread: {Access Denied} A process has requested access to an object, but has not been granted those access rights. (0xc0000022)
[1206/135456.167:ERROR:exception_snapshot_win.cc(99)] thread ID 12056 not found in process
[1206/135456.191:ERROR:process_reader_win.cc(123)] NtOpenThread: {Access Denied} A process has requested access to an object, but has not been granted those access rights. (0xc0000022)
[1206/135456.191:ERROR:exception_snapshot_win.cc(99)] thread ID 19864 not found in process
[1206/135814.632:ERROR:process_reader_win.cc(123)] NtOpenThread: {Access Denied} A process has requested access to an object, but has not been granted those access rights. (0xc0000022)
[1206/135814.632:ERROR:exception_snapshot_win.cc(99)] thread ID 10500 not found in process
[1206/135814.656:ERROR:process_reader_win.cc(123)] NtOpenThread: {Access Denied} A process has requested access to an object, but has not been granted those access rights. (0xc0000022)
[1206/135814.656:ERROR:exception_snapshot_win.cc(99)] thread ID 3344 not found in process
[1206/140314.459:ERROR:process_reader_win.cc(123)] NtOpenThread: {Access Denied} A process has requested access to an object, but has not been granted those access rights. (0xc0000022)
[1206/140314.459:ERROR:exception_snapshot_win.cc(99)] thread ID 12232 not found in process
[1206/140314.483:ERROR:process_reader_win.cc(123)] NtOpenThread: {Access Denied} A process has requested access to an object, but has not been granted those access rights. (0xc0000022)
[1206/140314.483:ERROR:exception_snapshot_win.cc(99)] thread ID 18836 not found in process
[1206/141347.341:ERROR:directory_reader_win.cc(43)] FindFirstFile: The system cannot find the path specified. (0x3)
[1206/141509.678:ERROR:process_reader_win.cc(123)] NtOpenThread: {Access Denied} A process has requested access to an object, but has not been granted those access rights. (0xc0000022)
[1206/141509.678:ERROR:exception_snapshot_win.cc(99)] thread ID 19704 not found in process
[1206/141509.678:ERROR:process_reader_win.cc(123)] NtOpenThread: {Access Denied} A process has requested access to an object, but has not been granted those access rights. (0xc0000022)
[1206/141509.678:ERROR:exception_snapshot_win.cc(99)] thread ID 7504 not found in process
[1206/141509.702:ERROR:process_reader_win.cc(123)] NtOpenThread: {Access Denied} A process has requested access to an object, but has not been granted those access rights. (0xc0000022)
[1206/141509.702:ERROR:exception_snapshot_win.cc(99)] thread ID 2964 not found in process
[1206/141509.710:ERROR:process_reader_win.cc(123)] NtOpenThread: {Access Denied} A process has requested access to an object, but has not been granted those access rights. (0xc0000022)
[1206/141509.710:ERROR:exception_snapshot_win.cc(99)] thread ID 12764 not found in process
[1206/142157.703:ERROR:process_reader_win.cc(123)] NtOpenThread: {Access Denied} A process has requested access to an object, but has not been granted those access rights. (0xc0000022)
[1206/142157.703:ERROR:exception_snapshot_win.cc(99)] thread ID 17088 not found in process
[1206/142157.703:ERROR:process_reader_win.cc(123)] NtOpenThread: {Access Denied} A process has requested access to an object, but has not been granted those access rights. (0xc0000022)
[1206/142157.703:ERROR:exception_snapshot_win.cc(99)] thread ID 6416 not found in process
[1206/142157.711:ERROR:process_reader_win.cc(123)] NtOpenThread: {Access Denied} A process has requested access to an object, but has not been granted those access rights. (0xc0000022)
[1206/142157.711:ERROR:exception_snapshot_win.cc(99)] thread ID 10500 not found in process
[1206/142157.727:ERROR:process_reader_win.cc(123)] NtOpenThread: {Access Denied} A process has requested access to an object, but has not been granted those access rights. (0xc0000022)
[1206/142157.727:ERROR:exception_snapshot_win.cc(99)] thread ID 10876 not found in process
[1206/142157.735:ERROR:process_reader_win.cc(123)] NtOpenThread: {Access Denied} A process has requested access to an object, but has not been granted those access rights. (0xc0000022)
[1206/142157.735:ERROR:exception_snapshot_win.cc(99)] thread ID 15576 not found in process
[1206/143624.597:ERROR:directory_reader_win.cc(43)] FindFirstFile: The system cannot find the path specified. (0x3)
[1206/144218.093:ERROR:process_reader_win.cc(123)] NtOpenThread: {Access Denied} A process has requested access to an object, but has not been granted those access rights. (0xc0000022)
[1206/144218.101:ERROR:exception_snapshot_win.cc(99)] thread ID 15320 not found in process
[1206/144218.109:ERROR:process_reader_win.cc(123)] NtOpenThread: {Access Denied} A process has requested access to an object, but has not been granted those access rights. (0xc0000022)
[1206/144218.109:ERROR:exception_snapshot_win.cc(99)] thread ID 13508 not found in process
[1206/144218.125:ERROR:process_reader_win.cc(123)] NtOpenThread: {Access Denied} A process has requested access to an object, but has not been granted those access rights. (0xc0000022)
[1206/144218.125:ERROR:process_reader_win.cc(123)] NtOpenThread: {Access Denied} A process has requested access to an object, but has not been granted those access rights. (0xc0000022)
[1206/144218.125:ERROR:exception_snapshot_win.cc(99)] thread ID 1104 not found in process
[1206/144218.125:ERROR:exception_snapshot_win.cc(99)] thread ID 15064 not found in process
[1206/145222.108:ERROR:directory_reader_win.cc(43)] FindFirstFile: The system cannot find the path specified. (0x3)
[1206/145803.071:ERROR:directory_reader_win.cc(43)] FindFirstFile: The system cannot find the path specified. (0x3)
[1206/150908.293:ERROR:directory_reader_win.cc(43)] FindFirstFile: The system cannot find the path specified. (0x3)
[1206/151424.764:ERROR:directory_reader_win.cc(43)] FindFirstFile: The system cannot find the path specified. (0x3)
[1206/152341.812:ERROR:process_reader_win.cc(123)] NtOpenThread: {Access Denied} A process has requested access to an object, but has not been granted those access rights. (0xc0000022)
[1206/152341.812:ERROR:exception_snapshot_win.cc(99)] thread ID 13852 not found in process
[1206/152341.814:ERROR:process_reader_win.cc(123)] NtOpenThread: {Access Denied} A process has requested access to an object, but has not been granted those access rights. (0xc0000022)
[1206/152341.815:ERROR:exception_snapshot_win.cc(99)] thread ID 16836 not found in process
[1206/152341.819:ERROR:process_reader_win.cc(123)] NtOpenThread: {Access Denied} A process has requested access to an object, but has not been granted those access rights. (0xc0000022)
[1206/152341.819:ERROR:exception_snapshot_win.cc(99)] thread ID 4680 not found in process
[1206/152341.832:ERROR:process_reader_win.cc(123)] NtOpenThread: {Access Denied} A process has requested access to an object, but has not been granted those access rights. (0xc0000022)
[1206/152341.832:ERROR:exception_snapshot_win.cc(99)] thread ID 15916 not found in process
[1206/152341.845:ERROR:process_reader_win.cc(123)] NtOpenThread: {Access Denied} A process has requested access to an object, but has not been granted those access rights. (0xc0000022)
[1206/152341.845:ERROR:exception_snapshot_win.cc(99)] thread ID 15696 not found in process
[1206/152341.860:ERROR:process_reader_win.cc(123)] NtOpenThread: {Access Denied} A process has requested access to an object, but has not been granted those access rights. (0xc0000022)
[1206/152341.860:ERROR:exception_snapshot_win.cc(99)] thread ID 13432 not found in process
[1206/152341.860:ERROR:process_reader_win.cc(123)] NtOpenThread: {Access Denied} A process has requested access to an object, but has not been granted those access rights. (0xc0000022)
[1206/152341.860:ERROR:exception_snapshot_win.cc(99)] thread ID 5328 not found in process
[1206/152341.860:ERROR:process_reader_win.cc(123)] NtOpenThread: {Access Denied} A process has requested access to an object, but has not been granted those access rights. (0xc0000022)
[1206/152341.860:ERROR:exception_snapshot_win.cc(99)] thread ID 8364 not found in process
[1206/152341.876:ERROR:process_reader_win.cc(123)] NtOpenThread: {Access Denied} A process has requested access to an object, but has not been granted those access rights. (0xc0000022)
[1206/152341.876:ERROR:exception_snapshot_win.cc(99)] thread ID 15476 not found in process
[1206/152341.876:ERROR:process_reader_win.cc(151)] SuspendThread: Access is denied. (0x5)
[1206/152341.876:ERROR:process_reader_win.cc(123)] NtOpenThread: {Access Denied} A process has requested access to an object, but has not been granted those access rights. (0xc0000022)
[1206/152341.876:ERROR:process_reader_win.cc(151)] SuspendThread: Access is denied. (0x5)
[1206/152341.876:ERROR:exception_snapshot_win.cc(99)] thread ID 15904 not found in process
[1206/152341.876:ERROR:process_reader_win.cc(151)] SuspendThread: Access is denied. (0x5)
[1206/152341.876:ERROR:process_reader_win.cc(151)] SuspendThread: Access is denied. (0x5)
[1206/152341.876:ERROR:process_reader_win.cc(123)] NtOpenThread: {Access Denied} A process has requested access to an object, but has not been granted those access rights. (0xc0000022)
[1206/152341.876:ERROR:exception_snapshot_win.cc(99)] thread ID 8356 not found in process
[1206/152341.876:ERROR:process_reader_win.cc(123)] NtOpenThread: {Access Denied} A process has requested access to an object, but has not been granted those access rights. (0xc0000022)
[1206/152341.876:ERROR:exception_snapshot_win.cc(99)] thread ID 16816 not found in process
[1206/153218.193:ERROR:process_reader_win.cc(123)] NtOpenThread: {Access Denied} A process has requested access to an object, but has not been granted those access rights. (0xc0000022)
[1206/153218.194:ERROR:exception_snapshot_win.cc(99)] thread ID 14264 not found in process
[1206/153218.211:ERROR:process_reader_win.cc(123)] NtOpenThread: {Access Denied} A process has requested access to an object, but has not been granted those access rights. (0xc0000022)
[1206/153218.212:ERROR:exception_snapshot_win.cc(99)] thread ID 16920 not found in process
[1206/154345.648:ERROR:directory_reader_win.cc(43)] FindFirstFile: The system cannot find the path specified. (0x3)
[1206/154937.847:ERROR:directory_reader_win.cc(43)] FindFirstFile: The system cannot find the path specified. (0x3)
[1206/155407.386:ERROR:directory_reader_win.cc(43)] FindFirstFile: The system cannot find the path specified. (0x3)
[1206/155955.666:ERROR:directory_reader_win.cc(43)] FindFirstFile: The system cannot find the path specified. (0x3)
[1206/160424.797:ERROR:directory_reader_win.cc(43)] FindFirstFile: The system cannot find the path specified. (0x3)
[1206/160738.065:ERROR:process_reader_win.cc(123)] NtOpenThread: {Access Denied} A process has requested access to an object, but has not been granted those access rights. (0xc0000022)
[1206/160738.065:ERROR:exception_snapshot_win.cc(99)] thread ID 10636 not found in process
[1206/160738.065:ERROR:process_reader_win.cc(123)] NtOpenThread: {Access Denied} A process has requested access to an object, but has not been granted those access rights. (0xc0000022)
[1206/160738.065:ERROR:exception_snapshot_win.cc(99)] thread ID 5068 not found in process
[1206/160738.081:ERROR:process_reader_win.cc(123)] NtOpenThread: {Access Denied} A process has requested access to an object, but has not been granted those access rights. (0xc0000022)
[1206/160738.081:ERROR:exception_snapshot_win.cc(99)] thread ID 9988 not found in process
[1206/160738.087:ERROR:process_reader_win.cc(123)] NtOpenThread: {Access Denied} A process has requested access to an object, but has not been granted those access rights. (0xc0000022)
[1206/160738.087:ERROR:exception_snapshot_win.cc(99)] thread ID 3704 not found in process
[1206/160738.103:ERROR:process_reader_win.cc(123)] NtOpenThread: {Access Denied} A process has requested access to an object, but has not been granted those access rights. (0xc0000022)
[1206/160738.103:ERROR:exception_snapshot_win.cc(99)] thread ID 15392 not found in process
[1206/160738.119:ERROR:process_reader_win.cc(123)] NtOpenThread: {Access Denied} A process has requested access to an object, but has not been granted those access rights. (0xc0000022)
[1206/160738.119:ERROR:exception_snapshot_win.cc(99)] thread ID 10136 not found in process
[1206/160738.119:ERROR:process_reader_win.cc(123)] NtOpenThread: {Access Denied} A process has requested access to an object, but has not been granted those access rights. (0xc0000022)
[1206/160738.119:ERROR:exception_snapshot_win.cc(99)] thread ID 10656 not found in process
[1206/160738.134:ERROR:process_reader_win.cc(123)] NtOpenThread: {Access Denied} A process has requested access to an object, but has not been granted those access rights. (0xc0000022)
[1206/160738.134:ERROR:exception_snapshot_win.cc(99)] thread ID 9588 not found in process
[1206/160738.134:ERROR:process_reader_win.cc(123)] NtOpenThread: {Access Denied} A process has requested access to an object, but has not been granted those access rights. (0xc0000022)
[1206/160738.134:ERROR:exception_snapshot_win.cc(99)] thread ID 9404 not found in process
[1206/160738.134:ERROR:process_reader_win.cc(123)] NtOpenThread: {Access Denied} A process has requested access to an object, but has not been granted those access rights. (0xc0000022)
[1206/160738.134:ERROR:exception_snapshot_win.cc(99)] thread ID 9188 not found in process
[1207/102428.188:ERROR:directory_reader_win.cc(43)] FindFirstFile: The system cannot find the path specified. (0x3)
[1208/120052.344:ERROR:directory_reader_win.cc(43)] FindFirstFile: The system cannot find the path specified. (0x3)
[1208/120109.920:ERROR:directory_reader_win.cc(43)] FindFirstFile: The system cannot find the path specified. (0x3)
[1208/120718.746:ERROR:directory_reader_win.cc(43)] FindFirstFile: The system cannot find the path specified. (0x3)
[1208/121051.822:ERROR:process_reader_win.cc(123)] NtOpenThread: {Access Denied} A process has requested access to an object, but has not been granted those access rights. (0xc0000022)
[1208/121051.823:ERROR:exception_snapshot_win.cc(99)] thread ID 12280 not found in process
[1208/121051.834:ERROR:process_reader_win.cc(123)] NtOpenThread: {Access Denied} A process has requested access to an object, but has not been granted those access rights. (0xc0000022)
[1208/121051.835:ERROR:exception_snapshot_win.cc(99)] thread ID 15884 not found in process
[1208/121051.836:ERROR:process_reader_win.cc(123)] NtOpenThread: {Access Denied} A process has requested access to an object, but has not been granted those access rights. (0xc0000022)
[1208/121051.836:ERROR:exception_snapshot_win.cc(99)] thread ID 4060 not found in process
[1208/121051.876:ERROR:process_reader_win.cc(123)] NtOpenThread: {Access Denied} A process has requested access to an object, but has not been granted those access rights. (0xc0000022)
[1208/121051.876:ERROR:exception_snapshot_win.cc(99)] thread ID 17056 not found in process
[1208/121051.876:ERROR:process_reader_win.cc(123)] NtOpenThread: {Access Denied} A process has requested access to an object, but has not been granted those access rights. (0xc0000022)
[1208/121051.876:ERROR:process_reader_win.cc(123)] NtOpenThread: {Access Denied} A process has requested access to an object, but has not been granted those access rights. (0xc0000022)
[1208/121051.876:ERROR:exception_snapshot_win.cc(99)] thread ID 5084 not found in process
[1208/121051.876:ERROR:exception_snapshot_win.cc(99)] thread ID 11568 not found in process
[1208/122115.742:ERROR:process_reader_win.cc(123)] NtOpenThread: {Access Denied} A process has requested access to an object, but has not been granted those access rights. (0xc0000022)
[1208/122115.744:ERROR:exception_snapshot_win.cc(99)] thread ID 9780 not found in process
[1208/122115.754:ERROR:process_reader_win.cc(123)] NtOpenThread: {Access Denied} A process has requested access to an object, but has not been granted those access rights. (0xc0000022)
[1208/122115.757:ERROR:exception_snapshot_win.cc(99)] thread ID 6172 not found in process
[1208/122115.776:ERROR:process_reader_win.cc(123)] NtOpenThread: {Access Denied} A process has requested access to an object, but has not been granted those access rights. (0xc0000022)
[1208/122115.776:ERROR:exception_snapshot_win.cc(99)] thread ID 6704 not found in process
[1208/122115.778:ERROR:process_reader_win.cc(123)] NtOpenThread: {Access Denied} A process has requested access to an object, but has not been granted those access rights. (0xc0000022)
[1208/122115.778:ERROR:exception_snapshot_win.cc(99)] thread ID 4540 not found in process
[1208/122626.945:ERROR:process_reader_win.cc(123)] NtOpenThread: {Access Denied} A process has requested access to an object, but has not been granted those access rights. (0xc0000022)
[1208/122626.946:ERROR:exception_snapshot_win.cc(99)] thread ID 11416 not found in process
[1208/122626.969:ERROR:process_reader_win.cc(123)] NtOpenThread: {Access Denied} A process has requested access to an object, but has not been granted those access rights. (0xc0000022)
[1208/122626.969:ERROR:exception_snapshot_win.cc(99)] thread ID 16992 not found in process
[1208/123046.778:ERROR:process_reader_win.cc(123)] NtOpenThread: {Access Denied} A process has requested access to an object, but has not been granted those access rights. (0xc0000022)
[1208/123046.779:ERROR:exception_snapshot_win.cc(99)] thread ID 10796 not found in process
[1208/123046.796:ERROR:process_reader_win.cc(123)] NtOpenThread: {Access Denied} A process has requested access to an object, but has not been granted those access rights. (0xc0000022)
[1208/123046.796:ERROR:exception_snapshot_win.cc(99)] thread ID 440 not found in process
[1208/123339.383:ERROR:process_reader_win.cc(123)] NtOpenThread: {Access Denied} A process has requested access to an object, but has not been granted those access rights. (0xc0000022)
[1208/123339.385:ERROR:exception_snapshot_win.cc(99)] thread ID 13480 not found in process
[1208/123339.406:ERROR:process_reader_win.cc(123)] NtOpenThread: {Access Denied} A process has requested access to an object, but has not been granted those access rights. (0xc0000022)
[1208/123339.406:ERROR:exception_snapshot_win.cc(99)] thread ID 11936 not found in process
[1208/123704.056:ERROR:process_reader_win.cc(123)] NtOpenThread: {Access Denied} A process has requested access to an object, but has not been granted those access rights. (0xc0000022)
[1208/123704.057:ERROR:exception_snapshot_win.cc(99)] thread ID 10380 not found in process
[1208/123704.085:ERROR:process_reader_win.cc(123)] NtOpenThread: {Access Denied} A process has requested access to an object, but has not been granted those access rights. (0xc0000022)
[1208/123704.085:ERROR:exception_snapshot_win.cc(99)] thread ID 9016 not found in process
[1208/124226.239:ERROR:process_reader_win.cc(123)] NtOpenThread: {Access Denied} A process has requested access to an object, but has not been granted those access rights. (0xc0000022)
[1208/124226.240:ERROR:exception_snapshot_win.cc(99)] thread ID 1904 not found in process
[1208/124226.265:ERROR:process_reader_win.cc(123)] NtOpenThread: {Access Denied} A process has requested access to an object, but has not been granted those access rights. (0xc0000022)
[1208/124226.265:ERROR:exception_snapshot_win.cc(99)] thread ID 15408 not found in process
[1208/124411.268:ERROR:process_reader_win.cc(123)] NtOpenThread: {Access Denied} A process has requested access to an object, but has not been granted those access rights. (0xc0000022)
[1208/124411.269:ERROR:exception_snapshot_win.cc(99)] thread ID 4548 not found in process
[1208/124411.296:ERROR:process_reader_win.cc(123)] NtOpenThread: {Access Denied} A process has requested access to an object, but has not been granted those access rights. (0xc0000022)
[1208/124411.296:ERROR:exception_snapshot_win.cc(99)] thread ID 7980 not found in process
[1208/124634.077:ERROR:process_reader_win.cc(123)] NtOpenThread: {Access Denied} A process has requested access to an object, but has not been granted those access rights. (0xc0000022)
[1208/124634.078:ERROR:exception_snapshot_win.cc(99)] thread ID 9064 not found in process
[1208/124634.101:ERROR:process_reader_win.cc(123)] NtOpenThread: {Access Denied} A process has requested access to an object, but has not been granted those access rights. (0xc0000022)
[1208/124634.101:ERROR:exception_snapshot_win.cc(99)] thread ID 14292 not found in process
[1208/125521.332:ERROR:process_reader_win.cc(123)] NtOpenThread: {Access Denied} A process has requested access to an object, but has not been granted those access rights. (0xc0000022)
[1208/125521.336:ERROR:exception_snapshot_win.cc(99)] thread ID 17388 not found in process
[1208/125521.345:ERROR:process_reader_win.cc(123)] NtOpenThread: {Access Denied} A process has requested access to an object, but has not been granted those access rights. (0xc0000022)
[1208/125521.346:ERROR:exception_snapshot_win.cc(99)] thread ID 16176 not found in process
[1208/125521.371:ERROR:process_reader_win.cc(123)] NtOpenThread: {Access Denied} A process has requested access to an object, but has not been granted those access rights. (0xc0000022)
[1208/125521.372:ERROR:exception_snapshot_win.cc(99)] thread ID 15400 not found in process
[1208/125521.372:ERROR:process_reader_win.cc(123)] NtOpenThread: {Access Denied} A process has requested access to an object, but has not been granted those access rights. (0xc0000022)
[1208/125521.372:ERROR:exception_snapshot_win.cc(99)] thread ID 8740 not found in process
[1208/131320.510:ERROR:process_reader_win.cc(123)] NtOpenThread: {Access Denied} A process has requested access to an object, but has not been granted those access rights. (0xc0000022)
[1208/131320.511:ERROR:exception_snapshot_win.cc(99)] thread ID 2412 not found in process
[1208/131320.524:ERROR:process_reader_win.cc(123)] NtOpenThread: {Access Denied} A process has requested access to an object, but has not been granted those access rights. (0xc0000022)
[1208/131320.524:ERROR:exception_snapshot_win.cc(99)] thread ID 14592 not found in process
[1208/132208.743:ERROR:process_reader_win.cc(123)] NtOpenThread: {Access Denied} A process has requested access to an object, but has not been granted those access rights. (0xc0000022)
[1208/132208.744:ERROR:exception_snapshot_win.cc(99)] thread ID 14472 not found in process
[1208/132208.758:ERROR:process_reader_win.cc(123)] NtOpenThread: {Access Denied} A process has requested access to an object, but has not been granted those access rights. (0xc0000022)
[1208/132208.758:ERROR:exception_snapshot_win.cc(99)] thread ID 4424 not found in process
[1209/095636.181:ERROR:directory_reader_win.cc(43)] FindFirstFile: The system cannot find the path specified. (0x3)
[1209/100358.628:ERROR:directory_reader_win.cc(43)] FindFirstFile: The system cannot find the path specified. (0x3)
[1209/110051.087:ERROR:directory_reader_win.cc(43)] FindFirstFile: The system cannot find the path specified. (0x3)
[1209/110543.571:ERROR:directory_reader_win.cc(43)] FindFirstFile: The system cannot find the path specified. (0x3)
[1209/144130.683:ERROR:directory_reader_win.cc(43)] FindFirstFile: The system cannot find the path specified. (0x3)
[1209/145004.127:ERROR:directory_reader_win.cc(43)] FindFirstFile: The system cannot find the path specified. (0x3)
[1209/145204.667:ERROR:process_reader_win.cc(123)] NtOpenThread: {Access Denied} A process has requested access to an object, but has not been granted those access rights. (0xc0000022)
[1209/145204.669:ERROR:exception_snapshot_win.cc(99)] thread ID 13148 not found in process
[1209/145204.681:ERROR:process_reader_win.cc(123)] NtOpenThread: {Access Denied} A process has requested access to an object, but has not been granted those access rights. (0xc0000022)
[1209/145204.681:ERROR:exception_snapshot_win.cc(99)] thread ID 10008 not found in process
[1209/145204.689:ERROR:process_reader_win.cc(123)] NtOpenThread: {Access Denied} A process has requested access to an object, but has not been granted those access rights. (0xc0000022)
[1209/145204.689:ERROR:exception_snapshot_win.cc(99)] thread ID 7864 not found in process
[1209/145204.711:ERROR:process_reader_win.cc(123)] NtOpenThread: {Access Denied} A process has requested access to an object, but has not been granted those access rights. (0xc0000022)
[1209/145204.711:ERROR:process_reader_win.cc(123)] NtOpenThread: {Access Denied} A process has requested access to an object, but has not been granted those access rights. (0xc0000022)
[1209/145204.711:ERROR:exception_snapshot_win.cc(99)] thread ID 3460 not found in process
[1209/145204.711:ERROR:exception_snapshot_win.cc(99)] thread ID 10520 not found in process
[1209/145204.715:ERROR:process_reader_win.cc(123)] NtOpenThread: {Access Denied} A process has requested access to an object, but has not been granted those access rights. (0xc0000022)
[1209/145204.715:ERROR:exception_snapshot_win.cc(99)] thread ID 8760 not found in process
[1209/150214.553:ERROR:directory_reader_win.cc(43)] FindFirstFile: The system cannot find the path specified. (0x3)
[1209/150404.431:ERROR:process_reader_win.cc(123)] NtOpenThread: {Access Denied} A process has requested access to an object, but has not been granted those access rights. (0xc0000022)
[1209/150404.432:ERROR:exception_snapshot_win.cc(99)] thread ID 10400 not found in process
[1209/150404.440:ERROR:process_reader_win.cc(123)] NtOpenThread: {Access Denied} A process has requested access to an object, but has not been granted those access rights. (0xc0000022)
[1209/150404.441:ERROR:exception_snapshot_win.cc(99)] thread ID 12296 not found in process
[1209/150404.448:ERROR:process_reader_win.cc(123)] NtOpenThread: {Access Denied} A process has requested access to an object, but has not been granted those access rights. (0xc0000022)
[1209/150404.449:ERROR:exception_snapshot_win.cc(99)] thread ID 16068 not found in process
[1209/150404.467:ERROR:process_reader_win.cc(123)] NtOpenThread: {Access Denied} A process has requested access to an object, but has not been granted those access rights. (0xc0000022)
[1209/150404.467:ERROR:exception_snapshot_win.cc(99)] thread ID 9792 not found in process
[1209/150404.469:ERROR:process_reader_win.cc(123)] NtOpenThread: {Access Denied} A process has requested access to an object, but has not been granted those access rights. (0xc0000022)
[1209/150404.469:ERROR:exception_snapshot_win.cc(99)] thread ID 15352 not found in process
[1209/150404.471:ERROR:process_reader_win.cc(123)] NtOpenThread: {Access Denied} A process has requested access to an object, but has not been granted those access rights. (0xc0000022)
[1209/150404.471:ERROR:exception_snapshot_win.cc(99)] thread ID 15568 not found in process
[1209/151411.899:ERROR:directory_reader_win.cc(43)] FindFirstFile: The system cannot find the path specified. (0x3)
[1209/152007.004:ERROR:directory_reader_win.cc(43)] FindFirstFile: The system cannot find the path specified. (0x3)
[1209/152519.022:ERROR:directory_reader_win.cc(43)] FindFirstFile: The system cannot find the path specified. (0x3)
[1209/153305.987:ERROR:process_reader_win.cc(123)] NtOpenThread: {Access Denied} A process has requested access to an object, but has not been granted those access rights. (0xc0000022)
[1209/153305.988:ERROR:exception_snapshot_win.cc(99)] thread ID 1124 not found in process
[1209/153306.011:ERROR:process_reader_win.cc(123)] NtOpenThread: {Access Denied} A process has requested access to an object, but has not been granted those access rights. (0xc0000022)
[1209/153306.011:ERROR:exception_snapshot_win.cc(99)] thread ID 16032 not found in process
[1209/154310.141:ERROR:directory_reader_win.cc(43)] FindFirstFile: The system cannot find the path specified. (0x3)
[1209/154356.075:ERROR:process_reader_win.cc(123)] NtOpenThread: {Access Denied} A process has requested access to an object, but has not been granted those access rights. (0xc0000022)
[1209/154356.078:ERROR:exception_snapshot_win.cc(99)] thread ID 14552 not found in process
[1209/154356.085:ERROR:process_reader_win.cc(123)] NtOpenThread: {Access Denied} A process has requested access to an object, but has not been granted those access rights. (0xc0000022)
[1209/154356.085:ERROR:exception_snapshot_win.cc(99)] thread ID 7616 not found in process
[1209/154356.108:ERROR:process_reader_win.cc(123)] NtOpenThread: {Access Denied} A process has requested access to an object, but has not been granted those access rights. (0xc0000022)
[1209/154356.108:ERROR:exception_snapshot_win.cc(99)] thread ID 13956 not found in process
[1209/154356.110:ERROR:process_reader_win.cc(123)] NtOpenThread: {Access Denied} A process has requested access to an object, but has not been granted those access rights. (0xc0000022)
[1209/154356.110:ERROR:exception_snapshot_win.cc(99)] thread ID 3452 not found in process
[1209/155400.875:ERROR:directory_reader_win.cc(43)] FindFirstFile: The system cannot find the path specified. (0x3)
[1209/160836.841:ERROR:process_reader_win.cc(123)] NtOpenThread: {Access Denied} A process has requested access to an object, but has not been granted those access rights. (0xc0000022)
[1209/160836.842:ERROR:exception_snapshot_win.cc(99)] thread ID 2792 not found in process
[1209/160836.896:ERROR:process_reader_win.cc(123)] NtOpenThread: {Access Denied} A process has requested access to an object, but has not been granted those access rights. (0xc0000022)
[1209/160836.896:ERROR:exception_snapshot_win.cc(99)] thread ID 6612 not found in process
[1209/160836.954:ERROR:process_reader_win.cc(123)] NtOpenThread: {Access Denied} A process has requested access to an object, but has not been granted those access rights. (0xc0000022)
[1209/160836.954:ERROR:exception_snapshot_win.cc(99)] thread ID 9164 not found in process
[1209/160837.002:ERROR:process_reader_win.cc(123)] NtOpenThread: {Access Denied} A process has requested access to an object, but has not been granted those access rights. (0xc0000022)
[1209/160837.002:ERROR:exception_snapshot_win.cc(99)] thread ID 1808 not found in process
[1209/164535.286:ERROR:directory_reader_win.cc(43)] FindFirstFile: The system cannot find the path specified. (0x3)
[1209/165657.235:ERROR:directory_reader_win.cc(43)] FindFirstFile: The system cannot find the path specified. (0x3)
[1209/170051.622:ERROR:directory_reader_win.cc(43)] FindFirstFile: The system cannot find the path specified. (0x3)
[1209/171917.602:ERROR:directory_reader_win.cc(43)] FindFirstFile: The system cannot find the path specified. (0x3)
